<?xml version="1.0" encoding="UTF-8"?>
<!-- Generated by org.testng.reporters.JUnitReportReporter -->
<testsuite hostname="SRINIVAS-G2005" failures="0" tests="5" name="testCases.SIgnIN_DataDrivenTestCase" time="65.422" errors="0" timestamp="2024-12-25T20:10:44 IST" skipped="0">
  <testcase classname="testCases.SIgnIN_DataDrivenTestCase" name="signIn_DataDriven" time="14.102"/>
  <testcase classname="testCases.SIgnIN_DataDrivenTestCase" name="signIn_DataDriven" time="11.710"/>
  <testcase classname="testCases.SIgnIN_DataDrivenTestCase" name="signIn_DataDriven" time="14.911"/>
  <testcase classname="testCases.SIgnIN_DataDrivenTestCase" name="signIn_DataDriven" time="10.152"/>
  <testcase classname="testCases.SIgnIN_DataDrivenTestCase" name="signIn_DataDriven" time="14.547"/>
</testsuite> <!-- testCases.SIgnIN_DataDrivenTestCase -->
