<?xml version="1.0" encoding="UTF-8"?>
<!-- Generated by org.testng.reporters.JUnitReportReporter -->
<testsuite hostname="SRINIVAS-G2005" failures="0" tests="1" name="testCases.TS_002_SignInToTheApplication" time="34.364" errors="0" timestamp="2025-01-07T20:20:04 IST" skipped="0">
  <testcase classname="testCases.TS_002_SignInToTheApplication" name="signInApplication" time="34.364"/>
</testsuite> <!-- testCases.TS_002_SignInToTheApplication -->
