<?xml version="1.0" encoding="UTF-8"?>
<!-- Generated by org.testng.reporters.JUnitReportReporter -->
<testsuite hostname="SRINIVAS-G2005" failures="0" tests="1" name="testCases.TS_001_CreatingNewAccount" time="7.605" errors="0" timestamp="2025-02-02T22:08:33 IST" skipped="0">
  <testcase classname="testCases.TS_001_CreatingNewAccount" name="CreateNewAccount" time="7.605"/>
</testsuite> <!-- testCases.TS_001_CreatingNewAccount -->
