<?xml version="1.0" encoding="UTF-8"?>
<!-- Generated by org.testng.reporters.JUnitReportReporter -->
<testsuite hostname="SRINIVAS-G2005" failures="0" tests="1" name="testCases.TS_005_SearchFunctionality" time="0.132" errors="0" timestamp="2024-12-27T22:27:55 IST" skipped="0">
  <testcase classname="testCases.TS_005_SearchFunctionality" name="searchingExistingProduct" time="0.132"/>
</testsuite> <!-- testCases.TS_005_SearchFunctionality -->
