<?xml version="1.0" encoding="UTF-8"?>
<!-- Generated by org.testng.reporters.JUnitReportReporter -->
<testsuite hostname="SRINIVAS-G2005" failures="0" tests="1" name="testCases.TS_007_AddToCartFunctionality" time="11.070" errors="0" timestamp="2025-02-02T16:43:42 IST" skipped="0">
  <testcase classname="testCases.TS_007_AddToCartFunctionality" name="addProductToCart" time="11.070"/>
</testsuite> <!-- testCases.TS_007_AddToCartFunctionality -->
