<?xml version="1.0" encoding="UTF-8"?>
<!-- Generated by org.testng.reporters.JUnitReportReporter -->
<testsuite hostname="SRINIVAS-G2005" failures="0" tests="1" name="testCases.TS_001_CreatingNewAccount" time="6.216" errors="0" timestamp="2024-12-18T20:26:34 IST" skipped="0">
  <testcase classname="testCases.TS_001_CreatingNewAccount" name="CreateNewAccount" time="6.216"/>
</testsuite> <!-- testCases.TS_001_CreatingNewAccount -->
