<?xml version="1.0" encoding="UTF-8"?>
<!-- Generated by org.testng.reporters.JUnitReportReporter -->
<testsuite hostname="SRINIVAS-G2005" failures="0" tests="5" name="testCases.SIgnIN_DataDrivenTestCase" time="57.030" errors="0" timestamp="2025-01-15T12:05:25 IST" skipped="0">
  <testcase classname="testCases.SIgnIN_DataDrivenTestCase" name="signIn_DataDriven" time="11.474"/>
  <testcase classname="testCases.SIgnIN_DataDrivenTestCase" name="signIn_DataDriven" time="7.118"/>
  <testcase classname="testCases.SIgnIN_DataDrivenTestCase" name="signIn_DataDriven" time="12.846"/>
  <testcase classname="testCases.SIgnIN_DataDrivenTestCase" name="signIn_DataDriven" time="12.929"/>
  <testcase classname="testCases.SIgnIN_DataDrivenTestCase" name="signIn_DataDriven" time="12.663"/>
</testsuite> <!-- testCases.SIgnIN_DataDrivenTestCase -->
