<?xml version="1.0" encoding="UTF-8"?>
<!-- Generated by org.testng.reporters.JUnitReportReporter -->
<testsuite hostname="SRINIVAS-G2005" failures="0" tests="1" name="testCases.TS_009_MyWishListFunctionality" time="8.199" errors="0" timestamp="2024-12-31T12:25:44 IST" skipped="0">
  <testcase classname="testCases.TS_009_MyWishListFunctionality" name="addProductWishList" time="8.199"/>
</testsuite> <!-- testCases.TS_009_MyWishListFunctionality -->
