<?xml version="1.0" encoding="UTF-8"?>
<!-- Generated by org.testng.reporters.JUnitReportReporter -->
<testsuite hostname="SRINIVAS-G2005" failures="0" tests="1" name="testCases.TS_003_SignOutFromApplication" time="7.129" errors="0" timestamp="2025-01-04T10:28:02 IST" skipped="0">
  <testcase classname="testCases.TS_003_SignOutFromApplication" name="signOutFromApplication" time="7.129"/>
</testsuite> <!-- testCases.TS_003_SignOutFromApplication -->
