<?xml version="1.0" encoding="UTF-8"?>
<!-- Generated by org.testng.reporters.JUnitReportReporter -->
<testsuite hostname="SRINIVAS-G2005" failures="0" tests="1" name="testCases.TS_003_SignOutFromApplication" time="6.953" errors="0" timestamp="2024-12-31T12:24:54 IST" skipped="0">
  <testcase classname="testCases.TS_003_SignOutFromApplication" name="signOutFromApplication" time="6.953"/>
</testsuite> <!-- testCases.TS_003_SignOutFromApplication -->
