<?xml version="1.0" encoding="UTF-8"?>
<!-- Generated by org.testng.reporters.JUnitReportReporter -->
<testsuite hostname="SRINIVAS-G2005" failures="0" tests="1" name="testCases.TS_001_CreatingNewAccount" time="5.863" errors="0" timestamp="2025-01-04T10:27:17 IST" skipped="0">
  <testcase classname="testCases.TS_001_CreatingNewAccount" name="CreateNewAccount" time="5.863"/>
</testsuite> <!-- testCases.TS_001_CreatingNewAccount -->
