<?xml version="1.0" encoding="UTF-8"?>
<!-- Generated by org.testng.reporters.JUnitReportReporter -->
<testsuite hostname="SRINIVAS-G2005" failures="0" tests="1" name="testCases.TS_005_SearchFunctionality" time="4.924" errors="0" timestamp="2025-02-02T16:43:42 IST" skipped="0">
  <testcase classname="testCases.TS_005_SearchFunctionality" name="searchingExistingProduct" time="4.924"/>
</testsuite> <!-- testCases.TS_005_SearchFunctionality -->
