<?xml version="1.0" encoding="UTF-8"?>
<!-- Generated by org.testng.reporters.JUnitReportReporter -->
<testsuite hostname="SRINIVAS-G2005" failures="0" tests="1" name="testCases.TS_001_CreatingNewAccount" time="5.688" errors="0" timestamp="2025-01-15T10:56:38 IST" skipped="0">
  <testcase classname="testCases.TS_001_CreatingNewAccount" name="CreateNewAccount" time="5.688"/>
</testsuite> <!-- testCases.TS_001_CreatingNewAccount -->
