<?xml version="1.0" encoding="UTF-8"?>
<!-- Generated by org.testng.reporters.JUnitReportReporter -->
<testsuite hostname="SRINIVAS-G2005" failures="0" tests="1" name="testCases.TS_002_SignInToTheApplication" time="5.988" errors="0" timestamp="2025-01-04T19:28:51 IST" skipped="0">
  <testcase classname="testCases.TS_002_SignInToTheApplication" name="signInApplication" time="5.988"/>
</testsuite> <!-- testCases.TS_002_SignInToTheApplication -->
