<?xml version="1.0" encoding="UTF-8"?>
<!-- Generated by org.testng.reporters.JUnitReportReporter -->
<testsuite hostname="SRINIVAS-G2005" failures="0" tests="1" name="testCases.TS_002_SignInToTheApplication" time="5.637" errors="0" timestamp="2025-01-04T10:27:17 IST" skipped="0">
  <testcase classname="testCases.TS_002_SignInToTheApplication" name="signInApplication" time="5.637"/>
</testsuite> <!-- testCases.TS_002_SignInToTheApplication -->
