<?xml version="1.0" encoding="UTF-8"?>
<!-- Generated by org.testng.reporters.JUnitReportReporter -->
<testsuite hostname="SRINIVAS-G2005" failures="0" tests="5" name="testCases.SIgnIN_DataDrivenTestCase" time="68.148" errors="0" timestamp="2025-02-02T22:23:15 IST" skipped="0">
  <testcase classname="testCases.SIgnIN_DataDrivenTestCase" name="signIn_DataDriven" time="15.210"/>
  <testcase classname="testCases.SIgnIN_DataDrivenTestCase" name="signIn_DataDriven" time="14.606"/>
  <testcase classname="testCases.SIgnIN_DataDrivenTestCase" name="signIn_DataDriven" time="14.622"/>
  <testcase classname="testCases.SIgnIN_DataDrivenTestCase" name="signIn_DataDriven" time="11.828"/>
  <testcase classname="testCases.SIgnIN_DataDrivenTestCase" name="signIn_DataDriven" time="11.882"/>
</testsuite> <!-- testCases.SIgnIN_DataDrivenTestCase -->
